d:\openglchess\openglframework\chessenginecpp-opengl\x64\debug\vc142.pdb
d:\openglchess\openglframework\chessenginecpp-opengl\x64\debug\vc142.idb
d:\openglchess\openglframework\chessenginecpp-opengl\x64\debug\vboclass.obj
d:\openglchess\openglframework\chessenginecpp-opengl\x64\debug\vaoclass.obj
d:\openglchess\openglframework\chessenginecpp-opengl\x64\debug\textureclass.obj
d:\openglchess\openglframework\chessenginecpp-opengl\x64\debug\stb.obj
d:\openglchess\openglframework\chessenginecpp-opengl\x64\debug\shaderclass.obj
d:\openglchess\openglframework\chessenginecpp-opengl\x64\debug\piece.obj
d:\openglchess\openglframework\chessenginecpp-opengl\x64\debug\main.obj
d:\openglchess\openglframework\chessenginecpp-opengl\x64\debug\eboclass.obj
d:\openglchess\openglframework\chessenginecpp-opengl\x64\debug\camera.obj
d:\openglchess\openglframework\chessenginecpp-opengl\x64\debug\board.obj
d:\openglchess\openglframework\chessenginecpp-opengl\x64\debug\glad.obj
d:\openglchess\openglframework\chessenginecpp-opengl\x64\debug\openglframework.pdb
d:\openglchess\openglframework\chessenginecpp-opengl\x64\debug\openglframework.tlog\cl.command.1.tlog
d:\openglchess\openglframework\chessenginecpp-opengl\x64\debug\openglframework.tlog\cl.read.1.tlog
d:\openglchess\openglframework\chessenginecpp-opengl\x64\debug\openglframework.tlog\cl.write.1.tlog
d:\openglchess\openglframework\chessenginecpp-opengl\x64\debug\openglframework.tlog\link-cvtres.read.1.tlog
d:\openglchess\openglframework\chessenginecpp-opengl\x64\debug\openglframework.tlog\link-cvtres.write.1.tlog
d:\openglchess\openglframework\chessenginecpp-opengl\x64\debug\openglframework.tlog\link-rc.read.1.tlog
d:\openglchess\openglframework\chessenginecpp-opengl\x64\debug\openglframework.tlog\link-rc.write.1.tlog
d:\openglchess\openglframework\chessenginecpp-opengl\x64\debug\openglframework.tlog\link.command.1.tlog
d:\openglchess\openglframework\chessenginecpp-opengl\x64\debug\openglframework.tlog\link.read.1.tlog
d:\openglchess\openglframework\chessenginecpp-opengl\x64\debug\openglframework.tlog\link.write.1.tlog
